<?xml version="1.0" encoding="UTF-8"?>
<!-- Generated by org.testng.reporters.JUnitXMLReporter -->
<testsuite ignored="4" hostname="DESKTOP-24V1VQ8" failures="0" tests="2" name="Users and Product" time="0.076" errors="0" timestamp="2023-04-02T17:32:58 IST">
  <testcase classname="com.sgtesting.testng2ex.Users" name="modifyUser" time="0.009"/>
  <testcase classname="com.sgtesting.testngex.Products" name="createProduct" time="0.003"/>
  <testcase classname="com.sgtesting.testng2ex.Users" name="deleteUser" time="0.0">
    <ignored/>
  </testcase> <!-- deleteUser -->
  <testcase classname="com.sgtesting.testng2ex.Users" name="createUser" time="0.0">
    <ignored/>
  </testcase> <!-- createUser -->
  <testcase classname="com.sgtesting.testngex.Products" name="modifyProduct" time="0.0">
    <ignored/>
  </testcase> <!-- modifyProduct -->
  <testcase classname="com.sgtesting.testngex.Products" name="deleteProduct" time="0.0">
    <ignored/>
  </testcase> <!-- deleteProduct -->
</testsuite> <!-- Users and Product -->
