<?xml version="1.0" encoding="UTF-8"?>
<!-- Generated by org.testng.reporters.JUnitXMLReporter -->
<testsuite ignored="0" hostname="DESKTOP-24V1VQ8" failures="0" tests="3" name="user" time="0.194" errors="0" timestamp="2023-04-06T15:36:25 IST">
  <testcase classname="com.sgtesting.parameterization.Parameter2" name="createUser" time="0.025"/>
  <testcase classname="com.sgtesting.parameterization.Parameter2" name="deleteUser" time="0.008"/>
  <testcase classname="com.sgtesting.parameterization.Parameter2" name="modifyUser" time="0.013"/>
</testsuite> <!-- user -->
