<?xml version="1.0" encoding="UTF-8"?>
<!-- Generated by org.testng.reporters.JUnitXMLReporter -->
<testsuite ignored="0" hostname="DESKTOP-24V1VQ8" failures="0" tests="6" name="scenarios" time="14.431" errors="0" timestamp="2023-03-29T18:14:11 IST">
  <testcase classname="com.sgtesting.prototype.AssignmentPrototype1" name="launchbrowser" time="2.475"/>
  <testcase classname="com.sgtesting.prototype.AssignmentPrototype1" name="Navigate" time="0.742"/>
  <testcase classname="com.sgtesting.prototype.AssignmentPrototype1" name="adminLogin" time="6.384"/>
  <testcase classname="com.sgtesting.prototype.AssignmentPrototype1" name="Minimize" time="2.116"/>
  <testcase classname="com.sgtesting.prototype.AssignmentPrototype1" name="Logout" time="2.315"/>
  <testcase classname="com.sgtesting.prototype.AssignmentPrototype1" name="CloseAppln" time="0.309"/>
</testsuite> <!-- scenarios -->
