<?xml version="1.0" encoding="UTF-8"?>
<!-- Generated by org.testng.reporters.JUnitXMLReporter -->
<testsuite ignored="0" hostname="DESKTOP-24V1VQ8" failures="0" tests="6" name="users and products" time="0.094" errors="0" timestamp="2023-04-02T17:41:41 IST">
  <testcase classname="com.sgtesting.testng2ex.Users" name="createUser" time="0.008"/>
  <testcase classname="com.sgtesting.testng2ex.Users" name="deleteUser" time="0.003"/>
  <testcase classname="com.sgtesting.testng2ex.Users" name="modifyUser" time="0.004"/>
  <testcase classname="com.sgtesting.testngex.Products" name="createProduct" time="0.004"/>
  <testcase classname="com.sgtesting.testngex.Products" name="deleteProduct" time="0.004"/>
  <testcase classname="com.sgtesting.testngex.Products" name="modifyProduct" time="0.001"/>
</testsuite> <!-- users and products -->
