<?xml version="1.0" encoding="UTF-8"?>
<!-- Generated by org.testng.reporters.JUnitXMLReporter -->
<testsuite ignored="3" hostname="DESKTOP-24V1VQ8" failures="0" tests="1" name="Default test" time="0.163" errors="0" timestamp="2023-04-06T13:15:24 IST">
  <testcase classname="com.sgtesting.tests.Users" name="method1" time="0.035"/>
  <testcase classname="com.sgtesting.tests.Users" name="method2" time="0.0">
    <ignored/>
  </testcase> <!-- method2 -->
  <testcase classname="com.sgtesting.tests.Users" name="method3" time="0.0">
    <ignored/>
  </testcase> <!-- method3 -->
  <testcase classname="com.sgtesting.tests.Users" name="method4" time="0.0">
    <ignored/>
  </testcase> <!-- method4 -->
</testsuite> <!-- Default test -->
