<?xml version="1.0" encoding="UTF-8"?>
<testng-results ignored="0" total="4" passed="4" failed="0" skipped="0">
  <reporter-output>
  </reporter-output>
  <suite started-at="2023-04-11T12:32:22 IST" name="testcases" finished-at="2023-04-11T12:32:23 IST" duration-ms="64">
    <groups>
    </groups>
    <test started-at="2023-04-11T12:32:22 IST" name="tests" finished-at="2023-04-11T12:32:23 IST" duration-ms="64">
      <class name="com.sgtesting.tests.Users">
        <test-method signature="method1()[pri:0, instance:com.sgtesting.tests.Users@4e7912d8]" started-at="2023-04-11T12:32:23 IST" name="method1" finished-at="2023-04-11T12:32:23 IST" duration-ms="6" status="PASS">
          <reporter-output>
          </reporter-output>
        </test-method> <!-- method1 -->
        <test-method signature="method2()[pri:0, instance:com.sgtesting.tests.Users@4e7912d8]" started-at="2023-04-11T12:32:23 IST" name="method2" finished-at="2023-04-11T12:32:23 IST" duration-ms="1" status="PASS">
          <reporter-output>
          </reporter-output>
        </test-method> <!-- method2 -->
        <test-method signature="method3()[pri:0, instance:com.sgtesting.tests.Users@4e7912d8]" started-at="2023-04-11T12:32:23 IST" name="method3" finished-at="2023-04-11T12:32:23 IST" duration-ms="1" status="PASS">
          <reporter-output>
          </reporter-output>
        </test-method> <!-- method3 -->
        <test-method signature="method4()[pri:0, instance:com.sgtesting.tests.Users@4e7912d8]" started-at="2023-04-11T12:32:23 IST" name="method4" finished-at="2023-04-11T12:32:23 IST" duration-ms="3" status="PASS">
          <reporter-output>
          </reporter-output>
        </test-method> <!-- method4 -->
      </class> <!-- com.sgtesting.tests.Users -->
    </test> <!-- tests -->
  </suite> <!-- testcases -->
</testng-results>
