<?xml version="1.0" encoding="UTF-8"?>
<testng-results ignored="0" total="3" passed="3" failed="0" skipped="0">
  <reporter-output>
  </reporter-output>
  <suite started-at="2023-04-06T15:36:25 IST" name="Testcases" finished-at="2023-04-06T15:36:25 IST" duration-ms="194">
    <groups>
    </groups>
    <test started-at="2023-04-06T15:36:25 IST" name="user" finished-at="2023-04-06T15:36:25 IST" duration-ms="194">
      <class name="com.sgtesting.parameterization.Parameter2">
        <test-method is-config="true" signature="setUp()[pri:0, instance:com.sgtesting.parameterization.Parameter2@25fb8912]" started-at="2023-04-06T15:36:25 IST" name="setUp" finished-at="2023-04-06T15:36:25 IST" duration-ms="16" status="PASS">
          <reporter-output>
          </reporter-output>
        </test-method> <!-- setUp -->
        <test-method signature="createUser(java.lang.String)[pri:0, instance:com.sgtesting.parameterization.Parameter2@25fb8912]" started-at="2023-04-06T15:36:25 IST" name="createUser" finished-at="2023-04-06T15:36:25 IST" duration-ms="25" status="PASS">
          <params>
            <param index="0">
              <value>
                <![CDATA[DemoUser12345]]>
              </value>
            </param>
          </params>
          <reporter-output>
          </reporter-output>
        </test-method> <!-- createUser -->
        <test-method signature="deleteUser(java.lang.String)[pri:0, instance:com.sgtesting.parameterization.Parameter2@25fb8912]" started-at="2023-04-06T15:36:25 IST" name="deleteUser" finished-at="2023-04-06T15:36:25 IST" duration-ms="8" status="PASS">
          <params>
            <param index="0">
              <value>
                <![CDATA[DemoUser12345]]>
              </value>
            </param>
          </params>
          <reporter-output>
          </reporter-output>
        </test-method> <!-- deleteUser -->
        <test-method signature="modifyUser(java.lang.String)[pri:0, instance:com.sgtesting.parameterization.Parameter2@25fb8912]" started-at="2023-04-06T15:36:25 IST" name="modifyUser" finished-at="2023-04-06T15:36:25 IST" duration-ms="13" status="PASS">
          <params>
            <param index="0">
              <value>
                <![CDATA[DemoUser12345]]>
              </value>
            </param>
          </params>
          <reporter-output>
          </reporter-output>
        </test-method> <!-- modifyUser -->
        <test-method is-config="true" signature="tearDown()[pri:0, instance:com.sgtesting.parameterization.Parameter2@25fb8912]" started-at="2023-04-06T15:36:25 IST" name="tearDown" finished-at="2023-04-06T15:36:25 IST" duration-ms="1" status="PASS">
          <reporter-output>
          </reporter-output>
        </test-method> <!-- tearDown -->
      </class> <!-- com.sgtesting.parameterization.Parameter2 -->
    </test> <!-- user -->
  </suite> <!-- Testcases -->
</testng-results>
