<?xml version="1.0" encoding="UTF-8"?>
<testng-results ignored="3" total="4" passed="1" failed="0" skipped="0">
  <reporter-output>
  </reporter-output>
  <suite started-at="2023-04-06T13:15:23 IST" name="Default suite" finished-at="2023-04-06T13:15:24 IST" duration-ms="163">
    <groups>
    </groups>
    <test started-at="2023-04-06T13:15:23 IST" name="Default test" finished-at="2023-04-06T13:15:24 IST" duration-ms="163">
      <class name="com.sgtesting.tests.Users">
        <test-method signature="method1()[pri:0, instance:com.sgtesting.tests.Users@482bce4f]" started-at="2023-04-06T13:15:23 IST" name="method1" finished-at="2023-04-06T13:15:23 IST" duration-ms="35" status="PASS">
          <reporter-output>
          </reporter-output>
        </test-method> <!-- method1 -->
      </class> <!-- com.sgtesting.tests.Users -->
    </test> <!-- Default test -->
  </suite> <!-- Default suite -->
</testng-results>
