<?xml version="1.0" encoding="UTF-8"?>
<!-- Generated by org.testng.reporters.JUnitXMLReporter -->
<testsuite ignored="0" hostname="DESKTOP-24V1VQ8" failures="0" tests="4" name="tests" time="0.162" errors="0" timestamp="2023-04-06T09:19:35 IST">
  <testcase classname="com.sgtesting.tests.Users" name="method1" time="0.024"/>
  <testcase classname="com.sgtesting.tests.Users" name="method2" time="0.008"/>
  <testcase classname="com.sgtesting.tests.Users" name="method3" time="0.005"/>
  <testcase classname="com.sgtesting.tests.Users" name="method4" time="0.002"/>
</testsuite> <!-- tests -->
